<?xml version="1.0" encoding="UTF-8"?>
<testsuite xmlns:xsi="http://www.w3.org/2001/XMLSchema-instance" xsi:noNamespaceSchemaLocation="https://maven.apache.org/surefire/maven-surefire-plugin/xsd/surefire-test-report.xsd" version="3.0.2" name="com.example.demo.repository.UserRepositoryTest" time="2.365" tests="5" errors="0" skipped="0" failures="0">
  <properties>
[...]
</properties>
  <testcase name="findByEmail_returnsEmpty_whenNotExists" classname="com.example.demo.repository.UserRepositoryTest" time="0.42">
    <system-out><![CDATA[
  .   ____          _            __ _ _
 /\\ / ___'_ __ _ _(_)_ __  __ _ \ \ \ \
( ( )\___ | '_ | '_| | '_ \/ _` | \ \ \ \
 \\/  ___)| |_)| | | | | || (_| |  ) ) ) )
  '  |____| .__|_| |_|_| |_\__, | / / / /
 =========|_|==============|___/=/_/_/_/

 :: Spring Boot ::                (v3.4.5)

Hibernate: create global temporary table HTE_posts(rn_ integer not null, created_at timestamp(6), id bigint, parent_post_id bigint, share_count bigint, user_id bigint, content varchar(255), primary key (rn_)) TRANSACTIONAL
Hibernate: create global temporary table HTE_post_medias(rn_ integer not null, id bigint, post_id bigint, media_type varchar(255), media_url varchar(255), primary key (rn_)) TRANSACTIONAL
Hibernate: create global temporary table HTE_post_comments(rn_ integer not null, commented_at timestamp(6), id bigint, parent_comment_id bigint, post_id bigint, user_id bigint, content varchar(255), primary key (rn_)) TRANSACTIONAL
Hibernate: create global temporary table HTE_post_likes(like_type integer, rn_ integer not null, id bigint, liked_at timestamp(6), post_id bigint, user_id bigint, primary key (rn_)) TRANSACTIONAL
Hibernate: create table post_comments (id bigint not null, commented_at timestamp(6), content varchar(255), parent_comment_id bigint, post_id bigint, user_id bigint, primary key (id))
Hibernate: create table post_likes (id bigint not null, like_type integer not null, liked_at timestamp(6), post_id bigint, user_id bigint, primary key (id))
Hibernate: create table post_medias (id bigint not null, media_type varchar(255), media_url varchar(255), post_id bigint, primary key (id))
Hibernate: create table posts (id bigint not null, content varchar(255), created_at timestamp(6), parent_post_id bigint, share_count bigint, user_id bigint, primary key (id))
Hibernate: create table user_achievements (user_id bigint not null, achievements varchar(255))
Hibernate: create table user_follows (id bigint generated by default as identity, created_at timestamp(6) not null, followee_id bigint not null, follower_id bigint not null, primary key (id))
Hibernate: create table user_industry (user_id bigint not null, industry varchar(255))
Hibernate: create table user_interests (user_id bigint not null, interests varchar(255) not null)
Hibernate: create table users (id bigint generated by default as identity, email varchar(255) not null, password varchar(255) not null, profile_picture_url varchar(255), reset_password_token varchar(255), reset_password_token_expiry timestamp(6), username varchar(50) not null, primary key (id))
Hibernate: create table users_verify (id bigint generated by default as identity, email varchar(255) not null, is_verified boolean not null, verification_token varchar(255), verification_token_expiry timestamp(6), primary key (id))
Hibernate: alter table if exists post_likes drop constraint if exists UK5l2rj28vw5oj6f7ox746grokg
Hibernate: alter table if exists post_likes add constraint UK5l2rj28vw5oj6f7ox746grokg unique (user_id, post_id)
Hibernate: create index idx_follower_id on user_follows (follower_id)
Hibernate: create index idx_followee_id on user_follows (followee_id)
Hibernate: alter table if exists user_follows drop constraint if exists uk_follower_followee
Hibernate: alter table if exists user_follows add constraint uk_follower_followee unique (follower_id, followee_id)
Hibernate: alter table if exists users drop constraint if exists UK6dotkott2kjsp8vw4d0m25fb7
Hibernate: alter table if exists users add constraint UK6dotkott2kjsp8vw4d0m25fb7 unique (email)
Hibernate: alter table if exists users_verify drop constraint if exists UKax2lm87d4odwe067dfxc4bt4e
Hibernate: alter table if exists users_verify add constraint UKax2lm87d4odwe067dfxc4bt4e unique (email)
Hibernate: create sequence post_comments_seq start with 1 increment by 50
Hibernate: create sequence post_likes_seq start with 1 increment by 50
Hibernate: create sequence post_medias_seq start with 1 increment by 50
Hibernate: create sequence posts_seq start with 1 increment by 50
Hibernate: alter table if exists post_comments add constraint FK21q7y8a124im4g0l4aaxn4ol1 foreign key (parent_comment_id) references post_comments
Hibernate: alter table if exists post_comments add constraint FKaawaqxjs3br8dw5v90w7uu514 foreign key (post_id) references posts
Hibernate: alter table if exists post_comments add constraint FKsnxoecngu89u3fh4wdrgf0f2g foreign key (user_id) references users
Hibernate: alter table if exists post_likes add constraint FKa5wxsgl4doibhbed9gm7ikie2 foreign key (post_id) references posts
Hibernate: alter table if exists post_likes add constraint FKkgau5n0nlewg6o9lr4yibqgxj foreign key (user_id) references users
Hibernate: alter table if exists post_medias add constraint FKsx89x29vy750909dpgkmkfkxt foreign key (post_id) references posts
Hibernate: alter table if exists posts add constraint FK5lidm6cqbc7u4xhqpxm898qme foreign key (user_id) references users
Hibernate: alter table if exists user_achievements add constraint FK6vt5fpu0uta41vny1x6vpk45k foreign key (user_id) references users
Hibernate: alter table if exists user_follows add constraint FKo7hxu401o43w6x81lxvnlixjn foreign key (followee_id) references users
Hibernate: alter table if exists user_follows add constraint FKqx9mu1fniaua5jfe1cdyspxdt foreign key (follower_id) references users
Hibernate: alter table if exists user_industry add constraint FKjpeg6y0w2vtq5ui4fecedsw8s foreign key (user_id) references users
Hibernate: alter table if exists user_interests add constraint FKdv9fflrh61wyuujfwx2yn1tb4 foreign key (user_id) references users
Hibernate: select u1_0.id,u1_0.email,u1_0.password,u1_0.profile_picture_url,u1_0.reset_password_token,u1_0.reset_password_token_expiry,u1_0.username from users u1_0 where u1_0.email=?
]]></system-out>
    <system-err><![CDATA[Mockito is currently self-attaching to enable the inline-mock-maker. This will no longer work in future releases of the JDK. Please add Mockito as an agent to your build what is described in Mockito's documentation: https://javadoc.io/doc/org.mockito/mockito-core/latest/org/mockito/Mockito.html#0.3
WARNING: A Java agent has been loaded dynamically (/home/mmnayem/.m2/repository/net/bytebuddy/byte-buddy-agent/1.15.11/byte-buddy-agent-1.15.11.jar)
WARNING: If a serviceability tool is in use, please run with -XX:+EnableDynamicAgentLoading to hide this warning
WARNING: If a serviceability tool is not in use, please run with -Djdk.instrument.traceUsage for more information
WARNING: Dynamic loading of agents will be disallowed by default in a future release
]]></system-err>
  </testcase>
  <testcase name="findByEmail_returnsUser_whenExists" classname="com.example.demo.repository.UserRepositoryTest" time="0.065">
    <system-out><![CDATA[Hibernate: insert into users (email,password,profile_picture_url,reset_password_token,reset_password_token_expiry,username,id) values (?,?,?,?,?,?,default)
Hibernate: select u1_0.id,u1_0.email,u1_0.password,u1_0.profile_picture_url,u1_0.reset_password_token,u1_0.reset_password_token_expiry,u1_0.username from users u1_0 where u1_0.email=?
]]></system-out>
  </testcase>
  <testcase name="checkForDuplication" classname="com.example.demo.repository.UserRepositoryTest" time="0.014">
    <system-out><![CDATA[Hibernate: insert into users (email,password,profile_picture_url,reset_password_token,reset_password_token_expiry,username,id) values (?,?,?,?,?,?,default)
Hibernate: insert into users (email,password,profile_picture_url,reset_password_token,reset_password_token_expiry,username,id) values (?,?,?,?,?,?,default)
2025-06-01T15:12:26.868+06:00  WARN 79705 --- [demo] [           main] o.h.engine.jdbc.spi.SqlExceptionHelper   : SQL Error: 23505, SQLState: 23505
2025-06-01T15:12:26.869+06:00 ERROR 79705 --- [demo] [           main] o.h.engine.jdbc.spi.SqlExceptionHelper   : Unique index or primary key violation: "PUBLIC.UK6DOTKOTT2KJSP8VW4D0M25FB7_INDEX_4 ON PUBLIC.USERS(EMAIL NULLS FIRST) VALUES ( /* 2 */ 'nabil2005@gmail.com' )"; SQL statement:
insert into users (email,password,profile_picture_url,reset_password_token,reset_password_token_expiry,username,id) values (?,?,?,?,?,?,default) [23505-232]
]]></system-out>
  </testcase>
  <testcase name="findByResetPasswordToken_returnsEmpty_whenNotExists" classname="com.example.demo.repository.UserRepositoryTest" time="0.004">
    <system-out><![CDATA[Hibernate: select u1_0.id,u1_0.email,u1_0.password,u1_0.profile_picture_url,u1_0.reset_password_token,u1_0.reset_password_token_expiry,u1_0.username from users u1_0 where u1_0.reset_password_token=?
]]></system-out>
  </testcase>
  <testcase name="findByResetPasswordToken_returnsUser_whenExists" classname="com.example.demo.repository.UserRepositoryTest" time="0.005">
    <system-out><![CDATA[Hibernate: insert into users (email,password,profile_picture_url,reset_password_token,reset_password_token_expiry,username,id) values (?,?,?,?,?,?,default)
Hibernate: select u1_0.id,u1_0.email,u1_0.password,u1_0.profile_picture_url,u1_0.reset_password_token,u1_0.reset_password_token_expiry,u1_0.username from users u1_0 where u1_0.reset_password_token=?
]]></system-out>
  </testcase>
</testsuite>